<?xml version="1.0" encoding="UTF-8"?>
<!-- Generated by org.testng.reporters.JUnitReportReporter -->
<testsuite hostname="Akshay_K" failures="0" tests="1" name="testCases.LoginTest" time="35.178" errors="0" timestamp="2025-02-18T23:27:06 IST" skipped="0">
  <testcase classname="testCases.LoginTest" name="naukriFieldChange" time="35.178"/>
</testsuite> <!-- testCases.LoginTest -->
