<?xml version="1.0" encoding="UTF-8"?>
<!-- Generated by org.testng.reporters.JUnitReportReporter -->
<testsuite hostname="Akshay_K" failures="0" tests="1" name="testCases.LoginTest" time="34.574" errors="0" timestamp="2025-02-18T23:42:47 IST" skipped="0">
  <testcase classname="testCases.LoginTest" name="naukriFieldChange" time="34.574"/>
</testsuite> <!-- testCases.LoginTest -->
